# JRE version: Java(TM) SE Runtime Environment (8.0_112-b15) (build 1.8.0_112-b15)
# Java VM: Java HotSpot(TM) 64-Bit Server VM (25.112-b15 mixed mode windows-amd64 compressed oops)
Heap:
 PSYoungGen      total 106496K, used 29802K [0x0000000780900000, 0x0000000787900000, 0x00000007c0000000)
  eden space 98304K, 21% used [0x0000000780900000,0x0000000781e1ca18,0x0000000786900000)
  from space 8192K, 99% used [0x0000000787100000,0x00000007878fe030,0x0000000787900000)
  to   space 8192K, 0% used [0x0000000786900000,0x0000000786900000,0x0000000787100000)
 ParOldGen       total 131072K, used 29851K [0x0000000701a00000, 0x0000000709a00000, 0x0000000780900000)
  object space 131072K, 22% used [0x0000000701a00000,0x0000000703726e78,0x0000000709a00000)
 Metaspace       used 19710K, capacity 20266K, committed 20352K, reserved 1067008K
  class space    used 2276K, capacity 2416K, committed 2432K, reserved 1048576K
GC Heap History (10 events):
Event: 2.477 GC heap before
{Heap before GC invocations=2 (full 0):
 PSYoungGen      total 57344K, used 56271K [0x0000000780900000, 0x0000000784900000, 0x00000007c0000000)
  eden space 49152K, 100% used [0x0000000780900000,0x0000000783900000,0x0000000783900000)
  from space 8192K, 86% used [0x0000000783900000,0x0000000783ff3f80,0x0000000784100000)
  to   space 8192K, 0% used [0x0000000784100000,0x0000000784100000,0x0000000784900000)
 ParOldGen       total 131072K, used 16K [0x0000000701a00000, 0x0000000709a00000, 0x0000000780900000)
  object space 131072K, 0% used [0x0000000701a00000,0x0000000701a04000,0x0000000709a00000)
 Metaspace       used 14947K, capacity 15260K, committed 15616K, reserved 1062912K
  class space    used 1840K, capacity 1940K, committed 2048K, reserved 1048576K
Event: 2.499 GC heap after
Heap after GC invocations=2 (full 0):
 PSYoungGen      total 57344K, used 8176K [0x0000000780900000, 0x0000000787900000, 0x00000007c0000000)
  eden space 49152K, 0% used [0x0000000780900000,0x0000000780900000,0x0000000783900000)
  from space 8192K, 99% used [0x0000000784100000,0x00000007848fc350,0x0000000784900000)
  to   space 8192K, 0% used [0x0000000783900000,0x0000000783900000,0x0000000784100000)
 ParOldGen       total 131072K, used 3738K [0x0000000701a00000, 0x0000000709a00000, 0x0000000780900000)
  object space 131072K, 2% used [0x0000000701a00000,0x0000000701da6868,0x0000000709a00000)
 Metaspace       used 14947K, capacity 15260K, committed 15616K, reserved 1062912K
  class space    used 1840K, capacity 1940K, committed 2048K, reserved 1048576K
}
Event: 2.979 GC heap before
{Heap before GC invocations=3 (full 0):
 PSYoungGen      total 57344K, used 57328K [0x0000000780900000, 0x0000000787900000, 0x00000007c0000000)
  eden space 49152K, 100% used [0x0000000780900000,0x0000000783900000,0x0000000783900000)
  from space 8192K, 99% used [0x0000000784100000,0x00000007848fc350,0x0000000784900000)
  to   space 8192K, 0% used [0x0000000783900000,0x0000000783900000,0x0000000784100000)
 ParOldGen       total 131072K, used 3738K [0x0000000701a00000, 0x0000000709a00000, 0x0000000780900000)
  object space 131072K, 2% used [0x0000000701a00000,0x0000000701da6868,0x0000000709a00000)
 Metaspace       used 15649K, capacity 15956K, committed 16128K, reserved 1062912K
  class space    used 1890K, capacity 1976K, committed 2048K, reserved 1048576K
Event: 3.005 GC heap after
Heap after GC invocations=3 (full 0):
 PSYoungGen      total 57344K, used 8184K [0x0000000780900000, 0x0000000787900000, 0x00000007c0000000)
  eden space 49152K, 0% used [0x0000000780900000,0x0000000780900000,0x0000000783900000)
  from space 8192K, 99% used [0x0000000783900000,0x00000007840fe050,0x0000000784100000)
  to   space 8192K, 0% used [0x0000000787100000,0x0000000787100000,0x0000000787900000)
 ParOldGen       total 131072K, used 8441K [0x0000000701a00000, 0x0000000709a00000, 0x0000000780900000)
  object space 131072K, 6% used [0x0000000701a00000,0x000000070223e640,0x0000000709a00000)
 Metaspace       used 15649K, capacity 15956K, committed 16128K, reserved 1062912K
  class space    used 1890K, capacity 1976K, committed 2048K, reserved 1048576K
}
Event: 3.545 GC heap before
{Heap before GC invocations=4 (full 0):
 PSYoungGen      total 57344K, used 57336K [0x0000000780900000, 0x0000000787900000, 0x00000007c0000000)
  eden space 49152K, 100% used [0x0000000780900000,0x0000000783900000,0x0000000783900000)
  from space 8192K, 99% used [0x0000000783900000,0x00000007840fe050,0x0000000784100000)
  to   space 8192K, 0% used [0x0000000787100000,0x0000000787100000,0x0000000787900000)
 ParOldGen       total 131072K, used 8441K [0x0000000701a00000, 0x0000000709a00000, 0x0000000780900000)
  object space 131072K, 6% used [0x0000000701a00000,0x000000070223e640,0x0000000709a00000)
 Metaspace       used 16580K, capacity 16914K, committed 17280K, reserved 1064960K
  class space    used 1989K, capacity 2081K, committed 2176K, reserved 1048576K
Event: 3.574 GC heap after
Heap after GC invocations=4 (full 0):
 PSYoungGen      total 106496K, used 8168K [0x0000000780900000, 0x0000000787900000, 0x00000007c0000000)
  eden space 98304K, 0% used [0x0000000780900000,0x0000000780900000,0x0000000786900000)
  from space 8192K, 99% used [0x0000000787100000,0x00000007878fa020,0x0000000787900000)
  to   space 8192K, 0% used [0x0000000786900000,0x0000000786900000,0x0000000787100000)
 ParOldGen       total 131072K, used 13459K [0x0000000701a00000, 0x0000000709a00000, 0x0000000780900000)
  object space 131072K, 10% used [0x0000000701a00000,0x0000000702724c68,0x0000000709a00000)
 Metaspace       used 16580K, capacity 16914K, committed 17280K, reserved 1064960K
  class space    used 1989K, capacity 2081K, committed 2176K, reserved 1048576K
}
Event: 5.091 GC heap before
{Heap before GC invocations=5 (full 0):
 PSYoungGen      total 106496K, used 106472K [0x0000000780900000, 0x0000000787900000, 0x00000007c0000000)
  eden space 98304K, 100% used [0x0000000780900000,0x0000000786900000,0x0000000786900000)
  from space 8192K, 99% used [0x0000000787100000,0x00000007878fa020,0x0000000787900000)
  to   space 8192K, 0% used [0x0000000786900000,0x0000000786900000,0x0000000787100000)
 ParOldGen       total 131072K, used 13459K [0x0000000701a00000, 0x0000000709a00000, 0x0000000780900000)
  object space 131072K, 10% used [0x0000000701a00000,0x0000000702724c68,0x0000000709a00000)
 Metaspace       used 19389K, capacity 19898K, committed 20096K, reserved 1067008K
  class space    used 2268K, capacity 2408K, committed 2432K, reserved 1048576K
Event: 5.173 GC heap after
Heap after GC invocations=5 (full 0):
 PSYoungGen      total 106496K, used 8184K [0x0000000780900000, 0x0000000787900000, 0x00000007c0000000)
  eden space 98304K, 0% used [0x0000000780900000,0x0000000780900000,0x0000000786900000)
  from space 8192K, 99% used [0x0000000786900000,0x00000007870fe030,0x0000000787100000)
  to   space 8192K, 0% used [0x0000000787100000,0x0000000787100000,0x0000000787900000)
 ParOldGen       total 131072K, used 21148K [0x0000000701a00000, 0x0000000709a00000, 0x0000000780900000)
  object space 131072K, 16% used [0x0000000701a00000,0x0000000702ea7170,0x0000000709a00000)
 Metaspace       used 19389K, capacity 19898K, committed 20096K, reserved 1067008K
  class space    used 2268K, capacity 2408K, committed 2432K, reserved 1048576K
}
Event: 6.320 GC heap before
{Heap before GC invocations=6 (full 0):
 PSYoungGen      total 106496K, used 106488K [0x0000000780900000, 0x0000000787900000, 0x00000007c0000000)
  eden space 98304K, 100% used [0x0000000780900000,0x0000000786900000,0x0000000786900000)
  from space 8192K, 99% used [0x0000000786900000,0x00000007870fe030,0x0000000787100000)
  to   space 8192K, 0% used [0x0000000787100000,0x0000000787100000,0x0000000787900000)
 ParOldGen       total 131072K, used 21148K [0x0000000701a00000, 0x0000000709a00000, 0x0000000780900000)
  object space 131072K, 16% used [0x0000000701a00000,0x0000000702ea7170,0x0000000709a00000)
 Metaspace       used 19636K, capacity 20132K, committed 20352K, reserved 1067008K
  class space    used 2276K, capacity 2415K, committed 2432K, reserved 1048576K
Event: 6.351 GC heap after
Heap after GC invocations=6 (full 0):
 PSYoungGen      total 106496K, used 8184K [0x0000000780900000, 0x0000000787900000, 0x00000007c0000000)
  eden space 98304K, 0% used [0x0000000780900000,0x0000000780900000,0x0000000786900000)
  from space 8192K, 99% used [0x0000000787100000,0x00000007878fe030,0x0000000787900000)
  to   space 8192K, 0% used [0x0000000786900000,0x0000000786900000,0x0000000787100000)
 ParOldGen       total 131072K, used 29851K [0x0000000701a00000, 0x0000000709a00000, 0x0000000780900000)
  object space 131072K, 22% used [0x0000000701a00000,0x0000000703726e78,0x0000000709a00000)
 Metaspace       used 19636K, capacity 20132K, committed 20352K, reserved 1067008K
  class space    used 2276K, capacity 2415K, committed 2432K, reserved 1048576K
}

