# JRE version: Java(TM) SE Runtime Environment (8.0_112-b15) (build 1.8.0_112-b15)
# Java VM: Java HotSpot(TM) 64-Bit Server VM (25.112-b15 mixed mode windows-amd64 compressed oops)
Heap:
 PSYoungGen      total 146432K, used 56022K [0x0000000780900000, 0x000000078eb00000, 0x00000007c0000000)
  eden space 129024K, 29% used [0x0000000780900000,0x0000000782eb7098,0x0000000788700000)
  from space 17408K, 99% used [0x000000078da00000,0x000000078eafe8b8,0x000000078eb00000)
  to   space 19968K, 0% used [0x000000078c400000,0x000000078c400000,0x000000078d780000)
 ParOldGen       total 113152K, used 22630K [0x0000000701a00000, 0x0000000708880000, 0x0000000780900000)
  object space 113152K, 20% used [0x0000000701a00000,0x0000000703019ae0,0x0000000708880000)
 Metaspace       used 24921K, capacity 25540K, committed 25728K, reserved 1071104K
  class space    used 2984K, capacity 3122K, committed 3200K, reserved 1048576K
GC Heap History (10 events):
Event: 3.573 GC heap before
{Heap before GC invocations=3 (full 0):
 PSYoungGen      total 57344K, used 57338K [0x0000000780900000, 0x0000000784900000, 0x00000007c0000000)
  eden space 49152K, 100% used [0x0000000780900000,0x0000000783900000,0x0000000783900000)
  from space 8192K, 99% used [0x0000000784100000,0x00000007848feb10,0x0000000784900000)
  to   space 8192K, 0% used [0x0000000783900000,0x0000000783900000,0x0000000784100000)
 ParOldGen       total 131072K, used 2376K [0x0000000701a00000, 0x0000000709a00000, 0x0000000780900000)
  object space 131072K, 1% used [0x0000000701a00000,0x0000000701c52128,0x0000000709a00000)
 Metaspace       used 15769K, capacity 16074K, committed 16384K, reserved 1062912K
  class space    used 1898K, capacity 1977K, committed 2048K, reserved 1048576K
Event: 3.589 GC heap after
Heap after GC invocations=3 (full 0):
 PSYoungGen      total 57344K, used 8184K [0x0000000780900000, 0x0000000787900000, 0x00000007c0000000)
  eden space 49152K, 0% used [0x0000000780900000,0x0000000780900000,0x0000000783900000)
  from space 8192K, 99% used [0x0000000783900000,0x00000007840fe030,0x0000000784100000)
  to   space 8192K, 0% used [0x0000000787100000,0x0000000787100000,0x0000000787900000)
 ParOldGen       total 131072K, used 6104K [0x0000000701a00000, 0x0000000709a00000, 0x0000000780900000)
  object space 131072K, 4% used [0x0000000701a00000,0x0000000701ff6118,0x0000000709a00000)
 Metaspace       used 15769K, capacity 16074K, committed 16384K, reserved 1062912K
  class space    used 1898K, capacity 1977K, committed 2048K, reserved 1048576K
}
Event: 4.015 GC heap before
{Heap before GC invocations=4 (full 0):
 PSYoungGen      total 57344K, used 57336K [0x0000000780900000, 0x0000000787900000, 0x00000007c0000000)
  eden space 49152K, 100% used [0x0000000780900000,0x0000000783900000,0x0000000783900000)
  from space 8192K, 99% used [0x0000000783900000,0x00000007840fe030,0x0000000784100000)
  to   space 8192K, 0% used [0x0000000787100000,0x0000000787100000,0x0000000787900000)
 ParOldGen       total 131072K, used 6104K [0x0000000701a00000, 0x0000000709a00000, 0x0000000780900000)
  object space 131072K, 4% used [0x0000000701a00000,0x0000000701ff6118,0x0000000709a00000)
 Metaspace       used 15961K, capacity 16266K, committed 16384K, reserved 1062912K
  class space    used 1902K, capacity 1977K, committed 2048K, reserved 1048576K
Event: 4.039 GC heap after
Heap after GC invocations=4 (full 0):
 PSYoungGen      total 106496K, used 8168K [0x0000000780900000, 0x0000000787900000, 0x00000007c0000000)
  eden space 98304K, 0% used [0x0000000780900000,0x0000000780900000,0x0000000786900000)
  from space 8192K, 99% used [0x0000000787100000,0x00000007878fa020,0x0000000787900000)
  to   space 8192K, 0% used [0x0000000786900000,0x0000000786900000,0x0000000787100000)
 ParOldGen       total 131072K, used 10912K [0x0000000701a00000, 0x0000000709a00000, 0x0000000780900000)
  object space 131072K, 8% used [0x0000000701a00000,0x00000007024a8188,0x0000000709a00000)
 Metaspace       used 15961K, capacity 16266K, committed 16384K, reserved 1062912K
  class space    used 1902K, capacity 1977K, committed 2048K, reserved 1048576K
}
Event: 6.369 GC heap before
{Heap before GC invocations=5 (full 0):
 PSYoungGen      total 106496K, used 100209K [0x0000000780900000, 0x0000000787900000, 0x00000007c0000000)
  eden space 98304K, 93% used [0x0000000780900000,0x00000007862e2760,0x0000000786900000)
  from space 8192K, 99% used [0x0000000787100000,0x00000007878fa020,0x0000000787900000)
  to   space 8192K, 0% used [0x0000000786900000,0x0000000786900000,0x0000000787100000)
 ParOldGen       total 131072K, used 10912K [0x0000000701a00000, 0x0000000709a00000, 0x0000000780900000)
  object space 131072K, 8% used [0x0000000701a00000,0x00000007024a8188,0x0000000709a00000)
 Metaspace       used 20683K, capacity 21142K, committed 21296K, reserved 1069056K
  class space    used 2479K, capacity 2617K, committed 2688K, reserved 1048576K
Event: 6.428 GC heap after
Heap after GC invocations=5 (full 0):
 PSYoungGen      total 106496K, used 8168K [0x0000000780900000, 0x000000078eb00000, 0x00000007c0000000)
  eden space 98304K, 0% used [0x0000000780900000,0x0000000780900000,0x0000000786900000)
  from space 8192K, 99% used [0x0000000786900000,0x00000007870fa040,0x0000000787100000)
  to   space 17408K, 0% used [0x000000078da00000,0x000000078da00000,0x000000078eb00000)
 ParOldGen       total 131072K, used 17931K [0x0000000701a00000, 0x0000000709a00000, 0x0000000780900000)
  object space 131072K, 13% used [0x0000000701a00000,0x0000000702b82f18,0x0000000709a00000)
 Metaspace       used 20683K, capacity 21142K, committed 21296K, reserved 1069056K
  class space    used 2479K, capacity 2617K, committed 2688K, reserved 1048576K
}
Event: 6.428 GC heap before
{Heap before GC invocations=6 (full 1):
 PSYoungGen      total 106496K, used 8168K [0x0000000780900000, 0x000000078eb00000, 0x00000007c0000000)
  eden space 98304K, 0% used [0x0000000780900000,0x0000000780900000,0x0000000786900000)
  from space 8192K, 99% used [0x0000000786900000,0x00000007870fa040,0x0000000787100000)
  to   space 17408K, 0% used [0x000000078da00000,0x000000078da00000,0x000000078eb00000)
 ParOldGen       total 131072K, used 17931K [0x0000000701a00000, 0x0000000709a00000, 0x0000000780900000)
  object space 131072K, 13% used [0x0000000701a00000,0x0000000702b82f18,0x0000000709a00000)
 Metaspace       used 20683K, capacity 21142K, committed 21296K, reserved 1069056K
  class space    used 2479K, capacity 2617K, committed 2688K, reserved 1048576K
Event: 6.741 GC heap after
Heap after GC invocations=6 (full 1):
 PSYoungGen      total 106496K, used 0K [0x0000000780900000, 0x000000078eb00000, 0x00000007c0000000)
  eden space 98304K, 0% used [0x0000000780900000,0x0000000780900000,0x0000000786900000)
  from space 8192K, 0% used [0x0000000786900000,0x0000000786900000,0x0000000787100000)
  to   space 17408K, 0% used [0x000000078da00000,0x000000078da00000,0x000000078eb00000)
 ParOldGen       total 113152K, used 22334K [0x0000000701a00000, 0x0000000708880000, 0x0000000780900000)
  object space 113152K, 19% used [0x0000000701a00000,0x0000000702fcf9a0,0x0000000708880000)
 Metaspace       used 20683K, capacity 21142K, committed 21296K, reserved 1069056K
  class space    used 2479K, capacity 2617K, committed 2688K, reserved 1048576K
}
Event: 8.923 GC heap before
{Heap before GC invocations=7 (full 1):
 PSYoungGen      total 106496K, used 98304K [0x0000000780900000, 0x000000078eb00000, 0x00000007c0000000)
  eden space 98304K, 100% used [0x0000000780900000,0x0000000786900000,0x0000000786900000)
  from space 8192K, 0% used [0x0000000786900000,0x0000000786900000,0x0000000787100000)
  to   space 17408K, 0% used [0x000000078da00000,0x000000078da00000,0x000000078eb00000)
 ParOldGen       total 113152K, used 22334K [0x0000000701a00000, 0x0000000708880000, 0x0000000780900000)
  object space 113152K, 19% used [0x0000000701a00000,0x0000000702fcf9a0,0x0000000708880000)
 Metaspace       used 24093K, capacity 24672K, committed 24832K, reserved 1071104K
  class space    used 2867K, capacity 2982K, committed 3072K, reserved 1048576K
Event: 8.956 GC heap after
Heap after GC invocations=7 (full 1):
 PSYoungGen      total 146432K, used 17402K [0x0000000780900000, 0x000000078eb00000, 0x00000007c0000000)
  eden space 129024K, 0% used [0x0000000780900000,0x0000000780900000,0x0000000788700000)
  from space 17408K, 99% used [0x000000078da00000,0x000000078eafe8b8,0x000000078eb00000)
  to   space 19968K, 0% used [0x000000078c400000,0x000000078c400000,0x000000078d780000)
 ParOldGen       total 113152K, used 22630K [0x0000000701a00000, 0x0000000708880000, 0x0000000780900000)
  object space 113152K, 20% used [0x0000000701a00000,0x0000000703019ae0,0x0000000708880000)
 Metaspace       used 24093K, capacity 24672K, committed 24832K, reserved 1071104K
  class space    used 2867K, capacity 2982K, committed 3072K, reserved 1048576K
}

